\BOOKMARK [0][-]{chapter.1}{\376\377\000C\000o\000m\000p\000u\000t\000e\000r\000\040\000A\000r\000c\000h\000i\000t\000e\000c\000t\000u\000r\000e}{}% 1
\BOOKMARK [1][-]{section.1.1}{\376\377\000T\000h\000r\000e\000s\000h\000o\000l\000d\000\040\000W\000a\000r\000n\000i\000n\000g\000\040\000S\000y\000s\000t\000e\000m\000\040\000D\000e\000s\000i\000g\000n}{chapter.1}% 2
\BOOKMARK [1][-]{section.1.2}{\376\377\000C\000a\000l\000c\000u\000l\000a\000t\000i\000n\000g\000\040\000t\000h\000e\000\040\000f\000a\000c\000t\000o\000r\000i\000a\000l\000\040\000o\000f\000\040\000a\000n\000\040\000i\000n\000t\000e\000g\000e\000r\000\040\000i\000n\000p\000u\000t}{chapter.1}% 3
\BOOKMARK [1][-]{section.1.3}{\376\377\000P\000i\000p\000e\000l\000i\000n\000e\000\040\000P\000e\000r\000f\000o\000r\000m\000a\000n\000c\000e\000\040\000A\000n\000a\000l\000y\000s\000i\000s}{chapter.1}% 4
\BOOKMARK [1][-]{section.1.4}{\376\377\000P\000i\000p\000e\000l\000i\000n\000e\000\040\000D\000a\000t\000a\000\040\000H\000a\000z\000a\000r\000d\000s}{chapter.1}% 5
\BOOKMARK [1][-]{section.1.5}{\376\377\000P\000i\000p\000e\000l\000i\000n\000e\000\040\000I\000n\000s\000t\000r\000u\000c\000t\000i\000o\000n\000\040\000D\000e\000c\000o\000d\000e\000\040\000S\000t\000a\000g\000e\000\040\000A\000l\000g\000o\000r\000i\000t\000h\000m}{chapter.1}% 6
\BOOKMARK [1][-]{section.1.6}{\376\377\000B\000r\000a\000n\000c\000h\000\040\000D\000e\000l\000a\000y\000\040\000S\000l\000o\000t\000\040\000\046\000\040\000T\000a\000k\000e\000n\000\040\000B\000r\000a\000n\000c\000h\000\040\000P\000e\000n\000a\000l\000t\000y}{chapter.1}% 7
\BOOKMARK [1][-]{section.1.7}{\376\377\000C\000P\000U\000\040\000C\000a\000c\000h\000e\000\040\000H\000i\000e\000r\000a\000r\000c\000h\000y}{chapter.1}% 8
\BOOKMARK [1][-]{section.1.8}{\376\377\000B\000u\000f\000f\000e\000r\000s\000\040\000\046\000\040\000C\000a\000c\000h\000e\000s}{chapter.1}% 9
\BOOKMARK [1][-]{section.1.9}{\376\377\000R\000e\000d\000u\000c\000i\000n\000g\000\040\000c\000a\000c\000h\000e\000\040\000m\000i\000s\000s\000e\000s}{chapter.1}% 10
\BOOKMARK [1][-]{section.1.10}{\376\377\000F\000l\000y\000n\000n\000'\000s\000\040\000t\000a\000x\000o\000n\000o\000m\000y}{chapter.1}% 11
\BOOKMARK [2][-]{subsection.1.10.1}{\376\377\000V\000L\000I\000W\000\040\000a\000n\000d\000\040\000E\000P\000I\000C}{section.1.10}% 12
\BOOKMARK [0][-]{chapter.2}{\376\377\000C\000o\000m\000p\000i\000l\000e\000r\000\040\000C\000o\000n\000s\000t\000r\000u\000c\000t\000i\000o\000n}{}% 13
\BOOKMARK [1][-]{section.2.1}{\376\377\000Q\000u\000e\000s\000t\000i\000o\000n\000s}{chapter.2}% 14
\BOOKMARK [1][-]{section.2.2}{\376\377\000C\000o\000m\000p\000i\000l\000e\000r\000\040\000E\000x\000e\000r\000c\000i\000s\000e}{chapter.2}% 15
\BOOKMARK [2][-]{subsection.2.2.1}{\376\377\000P\000r\000o\000d\000u\000c\000t\000i\000o\000n\000\040\000r\000u\000l\000e\000s\000\040\000f\000o\000r\000\040\000f\000l\000o\000a\000t\000i\000n\000g\000\040\000p\000o\000i\000n\000t\000\040\000n\000u\000m\000b\000e\000r\000s}{section.2.2}% 16
\BOOKMARK [2][-]{subsection.2.2.2}{\376\377\000P\000r\000o\000d\000u\000c\000t\000i\000o\000n\000\040\000r\000u\000l\000e\000s\000\040\000f\000o\000r\000\040\000e\000x\000p\000r\000e\000s\000s\000i\000o\000n\000s}{section.2.2}% 17
\BOOKMARK [2][-]{subsection.2.2.3}{\376\377\000T\000,\000\040\000N\000,\000\040\000S}{section.2.2}% 18
\BOOKMARK [2][-]{subsection.2.2.4}{\376\377\000L\000e\000x\000e\000r\000\040\000\046\000\040\000P\000a\000r\000s\000e\000r}{section.2.2}% 19
\BOOKMARK [2][-]{subsection.2.2.5}{\376\377\000T\000e\000s\000t\000i\000n\000g}{section.2.2}% 20
\BOOKMARK [0][-]{chapter.3}{\376\377\000C\000o\000m\000p\000u\000t\000e\000r\000\040\000N\000e\000t\000w\000o\000r\000k\000i\000n\000g}{}% 21
